WARNING : Project's CLI version could not be detected from `requirements.txt`.
WARNING : Try `pretext init --refresh` to produce a compatible file.
INFO    : Since no target was supplied, we will use "web".

INFO    : Building target web
INFO    : XSL conversion of /run/media/cbouja/home/GitHub/cpgem/pretext/concours/centrale2018mp2/main.ptx by /home/cbouja/.ptx/2.18.1/core/xsl/utilities/pretext-enhanced-source.xsl
INFO    : messages from the log for XSL processing:
ERROR   : * PTX:ERROR: Table of Contents level not determined
INFO    : successful application of /home/cbouja/.ptx/2.18.1/core/xsl/utilities/pretext-enhanced-source.xsl
INFO    : Generating any needed assets.
INFO    : XSL conversion of /run/media/cbouja/home/GitHub/cpgem/pretext/concours/centrale2018mp2/main.ptx by /home/cbouja/.ptx/2.18.1/core/xsl/utilities/pretext-enhanced-source.xsl
INFO    : messages from the log for XSL processing:
ERROR   : * PTX:ERROR: Table of Contents level not determined
INFO    : successful application of /home/cbouja/.ptx/2.18.1/core/xsl/utilities/pretext-enhanced-source.xsl
INFO    : XSL conversion of /run/media/cbouja/home/GitHub/cpgem/pretext/concours/centrale2018mp2/main.ptx by /home/cbouja/.ptx/2.18.1/core/xsl/utilities/pretext-enhanced-source.xsl
INFO    : messages from the log for XSL processing:
ERROR   : * PTX:ERROR: Table of Contents level not determined
INFO    : successful application of /home/cbouja/.ptx/2.18.1/core/xsl/utilities/pretext-enhanced-source.xsl
INFO    : XSL conversion of /run/media/cbouja/home/GitHub/cpgem/pretext/concours/centrale2018mp2/main.ptx by /home/cbouja/.ptx/2.18.1/core/xsl/utilities/pretext-enhanced-source.xsl
INFO    : messages from the log for XSL processing:
ERROR   : * PTX:ERROR: Table of Contents level not determined
INFO    : successful application of /home/cbouja/.ptx/2.18.1/core/xsl/utilities/pretext-enhanced-source.xsl
INFO    : XSL conversion of /run/media/cbouja/home/GitHub/cpgem/pretext/concours/centrale2018mp2/main.ptx by /home/cbouja/.ptx/2.18.1/core/xsl/utilities/pretext-enhanced-source.xsl
INFO    : messages from the log for XSL processing:
ERROR   : * PTX:ERROR: Table of Contents level not determined
INFO    : successful application of /home/cbouja/.ptx/2.18.1/core/xsl/utilities/pretext-enhanced-source.xsl
INFO    : XSL conversion of /run/media/cbouja/home/GitHub/cpgem/pretext/concours/centrale2018mp2/main.ptx by /home/cbouja/.ptx/2.18.1/core/xsl/utilities/pretext-enhanced-source.xsl
INFO    : messages from the log for XSL processing:
ERROR   : * PTX:ERROR: Table of Contents level not determined
INFO    : successful application of /home/cbouja/.ptx/2.18.1/core/xsl/utilities/pretext-enhanced-source.xsl
INFO    : XSL conversion of /run/media/cbouja/home/GitHub/cpgem/pretext/concours/centrale2018mp2/main.ptx by /home/cbouja/.ptx/2.18.1/core/xsl/utilities/pretext-enhanced-source.xsl
INFO    : messages from the log for XSL processing:
ERROR   : * PTX:ERROR: Table of Contents level not determined
INFO    : successful application of /home/cbouja/.ptx/2.18.1/core/xsl/utilities/pretext-enhanced-source.xsl
INFO    : XSL conversion of /run/media/cbouja/home/GitHub/cpgem/pretext/concours/centrale2018mp2/main.ptx by /home/cbouja/.ptx/2.18.1/core/xsl/utilities/pretext-enhanced-source.xsl
INFO    : messages from the log for XSL processing:
ERROR   : * PTX:ERROR: Table of Contents level not determined
INFO    : successful application of /home/cbouja/.ptx/2.18.1/core/xsl/utilities/pretext-enhanced-source.xsl
INFO    : XSL conversion of /run/media/cbouja/home/GitHub/cpgem/pretext/concours/centrale2018mp2/main.ptx by /home/cbouja/.ptx/2.18.1/core/xsl/utilities/pretext-enhanced-source.xsl
INFO    : messages from the log for XSL processing:
ERROR   : * PTX:ERROR: Table of Contents level not determined
INFO    : successful application of /home/cbouja/.ptx/2.18.1/core/xsl/utilities/pretext-enhanced-source.xsl
INFO    : XSL conversion of /run/media/cbouja/home/GitHub/cpgem/pretext/concours/centrale2018mp2/main.ptx by /home/cbouja/.ptx/2.18.1/core/xsl/utilities/pretext-enhanced-source.xsl
INFO    : messages from the log for XSL processing:
ERROR   : * PTX:ERROR: Table of Contents level not determined
INFO    : successful application of /home/cbouja/.ptx/2.18.1/core/xsl/utilities/pretext-enhanced-source.xsl
INFO    : XSL conversion of /run/media/cbouja/home/GitHub/cpgem/pretext/concours/centrale2018mp2/main.ptx by /home/cbouja/.ptx/2.18.1/core/xsl/utilities/pretext-enhanced-source.xsl
INFO    : messages from the log for XSL processing:
ERROR   : * PTX:ERROR: Table of Contents level not determined
INFO    : successful application of /home/cbouja/.ptx/2.18.1/core/xsl/utilities/pretext-enhanced-source.xsl
INFO    : XSL conversion of /run/media/cbouja/home/GitHub/cpgem/pretext/concours/centrale2018mp2/main.ptx by /home/cbouja/.ptx/2.18.1/core/xsl/utilities/pretext-enhanced-source.xsl
INFO    : messages from the log for XSL processing:
ERROR   : * PTX:ERROR: Table of Contents level not determined
INFO    : successful application of /home/cbouja/.ptx/2.18.1/core/xsl/utilities/pretext-enhanced-source.xsl
INFO    : XSL conversion of /run/media/cbouja/home/GitHub/cpgem/pretext/concours/centrale2018mp2/main.ptx by /home/cbouja/.ptx/2.18.1/core/xsl/utilities/pretext-enhanced-source.xsl
INFO    : messages from the log for XSL processing:
ERROR   : * PTX:ERROR: Table of Contents level not determined
INFO    : successful application of /home/cbouja/.ptx/2.18.1/core/xsl/utilities/pretext-enhanced-source.xsl
INFO    : XSL conversion of /run/media/cbouja/home/GitHub/cpgem/pretext/concours/centrale2018mp2/main.ptx by /home/cbouja/.ptx/2.18.1/core/xsl/utilities/pretext-enhanced-source.xsl
INFO    : messages from the log for XSL processing:
ERROR   : * PTX:ERROR: Table of Contents level not determined
INFO    : successful application of /home/cbouja/.ptx/2.18.1/core/xsl/utilities/pretext-enhanced-source.xsl
INFO    : XSL conversion of /run/media/cbouja/home/GitHub/cpgem/pretext/concours/centrale2018mp2/main.ptx by /home/cbouja/.ptx/2.18.1/core/xsl/utilities/pretext-enhanced-source.xsl
INFO    : messages from the log for XSL processing:
ERROR   : * PTX:ERROR: Table of Contents level not determined
INFO    : successful application of /home/cbouja/.ptx/2.18.1/core/xsl/utilities/pretext-enhanced-source.xsl
INFO    : Finished generating assets.

INFO    : Preparing to build into /run/media/cbouja/home/GitHub/cpgem/pretext/concours/centrale2018mp2/output/standard.
INFO    : discovering source file's directory name: /run/media/cbouja/home/GitHub/cpgem/pretext/concours/centrale2018mp2
INFO    : verifying and expanding input directory: /run/media/cbouja/home/GitHub/cpgem/pretext/concours/centrale2018mp2/../generated-assets
INFO    : input directory expanded to absolute path: /run/media/cbouja/home/GitHub/cpgem/pretext/concours/generated-assets
INFO    : verifying and expanding input directory: /run/media/cbouja/home/GitHub/cpgem/pretext/concours/centrale2018mp2/../assets
INFO    : input directory expanded to absolute path: /run/media/cbouja/home/GitHub/cpgem/pretext/concours/assets
INFO    : XSL conversion of /run/media/cbouja/home/GitHub/cpgem/pretext/concours/centrale2018mp2/main.ptx by /home/cbouja/.ptx/2.18.1/core/xsl/utilities/report-publisher-variables.xsl
INFO    : messages from the log for XSL processing:
ERROR   : * PTX:ERROR: Table of Contents level not determined
INFO    : successful application of /home/cbouja/.ptx/2.18.1/core/xsl/utilities/report-publisher-variables.xsl
INFO    : Using rs services version 2.18 from the PreTeXt CDN
INFO    : Downloading rs services file from https://cdn.jsdelivr.net/gh/pretextbook/html-static@2.18/dist/_static/runestone_services.xml.
INFO    : converting /run/media/cbouja/home/GitHub/cpgem/pretext/concours/centrale2018mp2/main.ptx to HTML in /tmp/ptx-qrdu39t9
INFO    : XSL conversion of /run/media/cbouja/home/GitHub/cpgem/pretext/concours/centrale2018mp2/main.ptx by /home/cbouja/.ptx/2.18.1/core/xsl/pretext-html.xsl
INFO    : messages from the log for XSL processing:
ERROR   : * PTX:ERROR: Table of Contents level not determined
ERROR   : * PTX:BUG: Level offset undefined for this document type
INFO    : * PTX:INFO:   checking ONLY the last TWO YEARS of element deprecations.
Rerun with the string parameter "author.deprecations.all" set to "yes" to check your source against all deprecations.
ERROR   : * PTX:BUG: asking if a non-traditional division (exercises) is structured or not
WARNING : * PTX:WARNING:    Your <book> does not have any chapters.  Maybe you forgot the '--xinclude' switch on your 'xsltproc' command line?
ERROR   : * PTX:BUG: asking if a non-traditional division (exercises) is structured or not
ERROR   : * PTX:BUG: asking if a non-traditional division (exercises) is structured or not
ERROR   : * PTX:BUG: asking if a non-traditional division (exercises) is structured or not
ERROR   : * PTX:BUG: asking if a non-traditional division (exercises) is structured or not
ERROR   : * PTX:BUG: asking if a non-traditional division (exercises) is structured or not
ERROR   : * PTX:BUG: asking if a non-traditional division (exercises) is structured or not
ERROR   : * PTX:BUG: asking if a non-traditional division (exercises) is structured or not
ERROR   : * PTX:BUG: asking if a non-traditional division (exercises) is structured or not
ERROR   : * PTX:BUG: asking if a non-traditional division (exercises) is structured or not
ERROR   : * PTX:BUG: asking if a non-traditional division (exercises) is structured or not
ERROR   : * PTX:BUG: asking if a non-traditional division (exercises) is structured or not
ERROR   : * PTX:BUG: asking if a non-traditional division (exercises) is structured or not
ERROR   : * PTX:BUG: asking if a non-traditional division (exercises) is structured or not
ERROR   : * PTX:BUG: asking if a non-traditional division (exercises) is structured or not
ERROR   : * PTX:BUG: asking if a non-traditional division (exercises) is structured or not
ERROR   : * PTX:BUG: asking if a non-traditional division (exercises) is structured or not
ERROR   : * PTX:BUG: asking if a non-traditional division (exercises) is structured or not
ERROR   : * PTX:BUG: asking if a non-traditional division (exercises) is structured or not
ERROR   : * PTX:BUG: asking if a non-traditional division (exercises) is structured or not
ERROR   : * PTX:BUG: asking if a non-traditional division (exercises) is structured or not
ERROR   : * PTX:BUG: asking if a non-traditional division (exercises) is structured or not
ERROR   : * PTX:BUG: asking if a non-traditional division (exercises) is structured or not
ERROR   : * PTX:BUG: asking if a non-traditional division (exercises) is structured or not
ERROR   : * PTX:BUG: asking if a non-traditional division (exercises) is structured or not
ERROR   : * PTX:BUG: asking if a non-traditional division (exercises) is structured or not
ERROR   : * PTX:BUG: asking if a non-traditional division (exercises) is structured or not
ERROR   : * PTX:BUG: asking if a non-traditional division (exercises) is structured or not
ERROR   : * PTX:BUG: asking if a non-traditional division (exercises) is structured or not
ERROR   : * PTX:BUG: asking if a non-traditional division (exercises) is structured or not
ERROR   : * PTX:BUG: asking if a non-traditional division (exercises) is structured or not
ERROR   : * PTX:BUG: asking if a non-traditional division (exercises) is structured or not
ERROR   : * PTX:BUG: asking if a non-traditional division (exercises) is structured or not
ERROR   : * PTX:BUG: asking if a non-traditional division (exercises) is structured or not
ERROR   : * PTX:BUG: asking if a non-traditional division (exercises) is structured or not
ERROR   : * PTX:BUG: asking if a non-traditional division (exercises) is structured or not
ERROR   : * PTX:BUG: asking if a non-traditional division (exercises) is structured or not
ERROR   : * PTX:BUG: asking if a non-traditional division (exercises) is structured or not
ERROR   : * PTX:BUG: asking if a non-traditional division (exercises) is structured or not
ERROR   : * PTX:BUG: asking if a non-traditional division (exercises) is structured or not
ERROR   : * PTX:BUG: asking if a non-traditional division (exercises) is structured or not
ERROR   : * PTX:BUG: asking if a non-traditional division (exercises) is structured or not
ERROR   : * PTX:BUG: asking if a non-traditional division (exercises) is structured or not
ERROR   : * PTX:BUG: asking if a non-traditional division (exercises) is structured or not
ERROR   : * PTX:BUG: asking if a non-traditional division (exercises) is structured or not
ERROR   : * PTX:BUG: asking if a non-traditional division (exercises) is structured or not
INFO    : successful application of /home/cbouja/.ptx/2.18.1/core/xsl/pretext-html.xsl
INFO    : Removing temporary directory /tmp/ptx-qrdu39t9
INFO    : Removing temporary directory /tmp/ptx-jf9hpcs4
INFO    : 
Success! Run `pretext view web` to see the results.

INFO    : 
----------------------------------------------------
INFO    : While running pretext, the following errors occurred:

INFO    : (see log messages above or in the 'logs' folder for more information)
INFO    : ----------------------------------------------------
