WARNING : Project's CLI version could not be detected from `requirements.txt`.
WARNING : Try `pretext init --refresh` to produce a compatible file.
INFO    : Since no target was supplied, we will use "web".

INFO    : Building target web
INFO    : XSL conversion of /run/media/cbouja/home/GitHub/cpgem/pretext/concours/centrale2018mp2/main.ptx by /home/cbouja/.ptx/2.18.1/core/xsl/utilities/pretext-enhanced-source.xsl
INFO    : successful application of /home/cbouja/.ptx/2.18.1/core/xsl/utilities/pretext-enhanced-source.xsl
INFO    : Generating any needed assets.
INFO    : XSL conversion of /run/media/cbouja/home/GitHub/cpgem/pretext/concours/centrale2018mp2/main.ptx by /home/cbouja/.ptx/2.18.1/core/xsl/utilities/pretext-enhanced-source.xsl
INFO    : successful application of /home/cbouja/.ptx/2.18.1/core/xsl/utilities/pretext-enhanced-source.xsl
INFO    : XSL conversion of /run/media/cbouja/home/GitHub/cpgem/pretext/concours/centrale2018mp2/main.ptx by /home/cbouja/.ptx/2.18.1/core/xsl/utilities/pretext-enhanced-source.xsl
INFO    : successful application of /home/cbouja/.ptx/2.18.1/core/xsl/utilities/pretext-enhanced-source.xsl
INFO    : XSL conversion of /run/media/cbouja/home/GitHub/cpgem/pretext/concours/centrale2018mp2/main.ptx by /home/cbouja/.ptx/2.18.1/core/xsl/utilities/pretext-enhanced-source.xsl
INFO    : successful application of /home/cbouja/.ptx/2.18.1/core/xsl/utilities/pretext-enhanced-source.xsl
INFO    : XSL conversion of /run/media/cbouja/home/GitHub/cpgem/pretext/concours/centrale2018mp2/main.ptx by /home/cbouja/.ptx/2.18.1/core/xsl/utilities/pretext-enhanced-source.xsl
INFO    : successful application of /home/cbouja/.ptx/2.18.1/core/xsl/utilities/pretext-enhanced-source.xsl
INFO    : XSL conversion of /run/media/cbouja/home/GitHub/cpgem/pretext/concours/centrale2018mp2/main.ptx by /home/cbouja/.ptx/2.18.1/core/xsl/utilities/pretext-enhanced-source.xsl
INFO    : successful application of /home/cbouja/.ptx/2.18.1/core/xsl/utilities/pretext-enhanced-source.xsl
INFO    : XSL conversion of /run/media/cbouja/home/GitHub/cpgem/pretext/concours/centrale2018mp2/main.ptx by /home/cbouja/.ptx/2.18.1/core/xsl/utilities/pretext-enhanced-source.xsl
INFO    : successful application of /home/cbouja/.ptx/2.18.1/core/xsl/utilities/pretext-enhanced-source.xsl
INFO    : XSL conversion of /run/media/cbouja/home/GitHub/cpgem/pretext/concours/centrale2018mp2/main.ptx by /home/cbouja/.ptx/2.18.1/core/xsl/utilities/pretext-enhanced-source.xsl
INFO    : successful application of /home/cbouja/.ptx/2.18.1/core/xsl/utilities/pretext-enhanced-source.xsl
INFO    : XSL conversion of /run/media/cbouja/home/GitHub/cpgem/pretext/concours/centrale2018mp2/main.ptx by /home/cbouja/.ptx/2.18.1/core/xsl/utilities/pretext-enhanced-source.xsl
INFO    : successful application of /home/cbouja/.ptx/2.18.1/core/xsl/utilities/pretext-enhanced-source.xsl
INFO    : XSL conversion of /run/media/cbouja/home/GitHub/cpgem/pretext/concours/centrale2018mp2/main.ptx by /home/cbouja/.ptx/2.18.1/core/xsl/utilities/pretext-enhanced-source.xsl
INFO    : successful application of /home/cbouja/.ptx/2.18.1/core/xsl/utilities/pretext-enhanced-source.xsl
INFO    : XSL conversion of /run/media/cbouja/home/GitHub/cpgem/pretext/concours/centrale2018mp2/main.ptx by /home/cbouja/.ptx/2.18.1/core/xsl/utilities/pretext-enhanced-source.xsl
INFO    : successful application of /home/cbouja/.ptx/2.18.1/core/xsl/utilities/pretext-enhanced-source.xsl
INFO    : XSL conversion of /run/media/cbouja/home/GitHub/cpgem/pretext/concours/centrale2018mp2/main.ptx by /home/cbouja/.ptx/2.18.1/core/xsl/utilities/pretext-enhanced-source.xsl
INFO    : successful application of /home/cbouja/.ptx/2.18.1/core/xsl/utilities/pretext-enhanced-source.xsl
INFO    : XSL conversion of /run/media/cbouja/home/GitHub/cpgem/pretext/concours/centrale2018mp2/main.ptx by /home/cbouja/.ptx/2.18.1/core/xsl/utilities/pretext-enhanced-source.xsl
INFO    : successful application of /home/cbouja/.ptx/2.18.1/core/xsl/utilities/pretext-enhanced-source.xsl
INFO    : XSL conversion of /run/media/cbouja/home/GitHub/cpgem/pretext/concours/centrale2018mp2/main.ptx by /home/cbouja/.ptx/2.18.1/core/xsl/utilities/pretext-enhanced-source.xsl
INFO    : successful application of /home/cbouja/.ptx/2.18.1/core/xsl/utilities/pretext-enhanced-source.xsl
INFO    : XSL conversion of /run/media/cbouja/home/GitHub/cpgem/pretext/concours/centrale2018mp2/main.ptx by /home/cbouja/.ptx/2.18.1/core/xsl/utilities/pretext-enhanced-source.xsl
INFO    : successful application of /home/cbouja/.ptx/2.18.1/core/xsl/utilities/pretext-enhanced-source.xsl
INFO    : Finished generating assets.

INFO    : Preparing to build into /run/media/cbouja/home/GitHub/cpgem/pretext/concours/centrale2018mp2/output/standard.
INFO    : discovering source file's directory name: /run/media/cbouja/home/GitHub/cpgem/pretext/concours/centrale2018mp2
INFO    : verifying and expanding input directory: /run/media/cbouja/home/GitHub/cpgem/pretext/concours/centrale2018mp2/../generated-assets/web
INFO    : input directory expanded to absolute path: /run/media/cbouja/home/GitHub/cpgem/pretext/concours/generated-assets/web
INFO    : verifying and expanding input directory: /run/media/cbouja/home/GitHub/cpgem/pretext/concours/centrale2018mp2/../assets
INFO    : input directory expanded to absolute path: /run/media/cbouja/home/GitHub/cpgem/pretext/concours/assets
INFO    : XSL conversion of /run/media/cbouja/home/GitHub/cpgem/pretext/concours/centrale2018mp2/main.ptx by /home/cbouja/.ptx/2.18.1/core/xsl/utilities/report-publisher-variables.xsl
INFO    : successful application of /home/cbouja/.ptx/2.18.1/core/xsl/utilities/report-publisher-variables.xsl
INFO    : Downloading rs services file from https://runestone.academy/cdn/runestone/latest/webpack_static_imports.xml.
WARNING : Could not download rs services file from https://runestone.academy/cdn/runestone/latest/webpack_static_imports.xml.  Using cached version instead.
INFO    : Runestone Services via online CDN query: version 7.6.5
INFO    : Downloading Runestone Services, version 7.6.5
WARNING : Could not download rs services file from https://runestone.academy/cdn/runestone/dist-7.6.5.tgz and no cached version found.
WARNING : There was a network problem while trying to download "https://runestone.academy/cdn/runestone/dist-7.6.5.tgz"
and the reported problem is:
HTTPSConnectionPool(host='runestone.academy', port=443): Max retries exceeded with url: /cdn/runestone/dist-7.6.5.tgz (Caused by NameResolutionError("<urllib3.connection.HTTPSConnection object at 0x7ca382c860d0>: Failed to resolve 'runestone.academy' ([Errno -3] Temporary failure in name resolution)"))
WARNING : Failed to download all Runestone Services files
INFO    : Building custom css theme: theme-denver
INFO    : converting /run/media/cbouja/home/GitHub/cpgem/pretext/concours/centrale2018mp2/main.ptx to HTML in /tmp/ptx-suo4bm7_
INFO    : XSL conversion of /run/media/cbouja/home/GitHub/cpgem/pretext/concours/centrale2018mp2/main.ptx by /home/cbouja/.ptx/2.18.1/core/xsl/pretext-html.xsl
INFO    : messages from the log for XSL processing:
INFO    : * PTX:INFO:   checking ONLY the last TWO YEARS of element deprecations.
Rerun with the string parameter "author.deprecations.all" set to "yes" to check your source against all deprecations.
INFO    : successful application of /home/cbouja/.ptx/2.18.1/core/xsl/pretext-html.xsl
INFO    : Removing temporary directory /tmp/ptx-suo4bm7_
INFO    : Removing temporary directory /tmp/ptx-u1dackhl
INFO    : 
Success! Run `pretext view web` to see the results.

INFO    : 
